#
# There is insufficient memory for the Java Runtime Environment to continue.
# Native memory allocation (malloc) failed to allocate 32784 bytes for Chunk::new
# Possible reasons:
#   The system is out of physical RAM or swap space
#   The process is running with CompressedOops enabled, and the Java Heap may be blocking the growth of the native heap
# Possible solutions:
#   Reduce memory load on the system
#   Increase physical memory or swap space
#   Check if swap backing store is full
#   Decrease Java heap size (-Xmx/-Xms)
#   Decrease number of Java threads
#   Decrease Java thread stack sizes (-Xss)
#   Set larger code cache with -XX:ReservedCodeCacheSize=
#   JVM is running with Zero Based Compressed Oops mode in which the Java heap is
#     placed in the first 32GB address space. The Java Heap base address is the
#     maximum limit for the native heap growth. Please use -XX:HeapBaseMinAddress
#     to set the Java Heap base and to place the Java Heap above 32GB virtual address.
# This output file may be truncated or incomplete.
#
#  Out of Memory Error (allocation.cpp:390), pid=31840, tid=0x0000000000009f7c
#
# JRE version: Java(TM) SE Runtime Environment (8.0_201-b09) (build 1.8.0_201-b09)
# Java VM: Java HotSpot(TM) 64-Bit Server VM (25.201-b09 mixed mode windows-amd64 compressed oops)
# Failed to write core dump. Minidumps are not enabled by default on client versions of Windows
#

---------------  T H R E A D  ---------------

Current thread (0x000000001f57a000):  JavaThread "C2 CompilerThread1" daemon [_thread_in_native, id=40828, stack(0x000000001fdc0000,0x000000001fec0000)]

Stack: [0x000000001fdc0000,0x000000001fec0000]
[error occurred during error reporting (printing stack bounds), id 0xc0000005]

Native frames: (J=compiled Java code, j=interpreted, Vv=VM code, C=native code)


Current CompileTask:
C2:   1122  697  s!   4       sun.misc.URLClassPath::getLoader (243 bytes)


---------------  P R O C E S S  ---------------

Java Threads: ( => current thread )
  0x000000001f5ec000 JavaThread "Service Thread" daemon [_thread_blocked, id=40660, stack(0x00000000200c0000,0x00000000201c0000)]
  0x000000001f58f800 JavaThread "C1 CompilerThread3" daemon [_thread_blocked, id=36960, stack(0x000000001ffc0000,0x00000000200c0000)]
  0x000000001f57c800 JavaThread "C2 CompilerThread2" daemon [_thread_in_native, id=38984, stack(0x000000001fec0000,0x000000001ffc0000)]
=>0x000000001f57a000 JavaThread "C2 CompilerThread1" daemon [_thread_in_native, id=40828, stack(0x000000001fdc0000,0x000000001fec0000)]
  0x000000001f579000 JavaThread "C2 CompilerThread0" daemon [_thread_in_native, id=39016, stack(0x000000001fcc0000,0x000000001fdc0000)]
  0x000000001f4d2800 JavaThread "Monitor Ctrl-Break" daemon [_thread_in_native, id=40548, stack(0x000000001fbc0000,0x000000001fcc0000)]
  0x000000001ea80800 JavaThread "Attach Listener" daemon [_thread_blocked, id=21208, stack(0x000000001f2c0000,0x000000001f3c0000)]
  0x000000001ea7f000 JavaThread "Signal Dispatcher" daemon [_thread_blocked, id=40204, stack(0x000000001f1c0000,0x000000001f2c0000)]
  0x000000001cc34000 JavaThread "Finalizer" daemon [_thread_blocked, id=12492, stack(0x000000001ef40000,0x000000001f040000)]
  0x000000001ea60800 JavaThread "Reference Handler" daemon [_thread_blocked, id=38900, stack(0x000000001ee40000,0x000000001ef40000)]
  0x000000000303a000 JavaThread "main" [_thread_in_vm, id=36204, stack(0x0000000002e80000,0x0000000002f80000)]

Other Threads:
  0x000000001cc26800 VMThread [stack: 0x000000001e940000,0x000000001ea40000] [id=37308]
  0x000000001f510000 WatcherThread [stack: 0x00000000201c0000,0x00000000202c0000] [id=856]

VM state:not at safepoint (normal execution)

VM Mutex/Monitor currently owned by a thread: None

heap address: 0x00000006c2600000, size: 4058 MB, Compressed Oops mode: Zero based, Oop shift amount: 3
Narrow klass base: 0x0000000000000000, Narrow klass shift: 3
Compressed class space size: 1073741824 Address: 0x00000007c0000000

Heap:
 PSYoungGen      total 75776K, used 45452K [0x000000076b780000, 0x0000000770c00000, 0x00000007c0000000)
  eden space 65024K, 69% used [0x000000076b780000,0x000000076e3e30c8,0x000000076f700000)
  from space 10752K, 0% used [0x0000000770180000,0x0000000770180000,0x0000000770c00000)
  to   space 10752K, 0% used [0x000000076f700000,0x000000076f700000,0x0000000770180000)
 ParOldGen       total 173568K, used 0K [0x00000006c2600000, 0x00000006ccf80000, 0x000000076b780000)
  object space 173568K, 0% used [0x00000006c2600000,0x00000006c2600000,0x00000006ccf80000)
 Metaspace       used 8671K, capacity 8904K, committed 9088K, reserved 1058816K
  class space    used 1021K, capacity 1096K, committed 1152K, reserved 1048576K

Card table byte_map: [0x00000000125f0000,0x0000000012de0000] byte_map_base: 0x000000000efdd000

Marking Bits: (ParMarkBitMap*) 0x0000000061f24ce0
 Begin Bits: [0x0000000013b30000, 0x0000000017a98000)
 End Bits:   [0x0000000017a98000, 0x000000001ba00000)

Polling page: 0x0000000002f80000

CodeCache: size=245760Kb used=2985Kb max_used=2985Kb free=242774Kb
 bounds [0x0000000003230000, 0x0000000003520000, 0x0000000012230000]
 total_blobs=1005 nmethods=699 adapters=219
 compilation: enabled

Compilation events (10 events):
Event: 1.105 Thread 0x000000001f57a000  697  s!   4       sun.misc.URLClassPath::getLoader (243 bytes)
Event: 1.106 Thread 0x000000001f57c800  696  s    4       sun.misc.URLClassPath::getNextLoader (88 bytes)
Event: 1.106 Thread 0x000000001f579000 nmethod 695 0x000000000351ae10 code [0x000000000351af40, 0x000000000351aff8]
Event: 1.112 Thread 0x000000001f58f800  698       3       java.net.URLStreamHandler::hostsEqual (75 bytes)
Event: 1.113 Thread 0x000000001f58f800 nmethod 698 0x000000000351a110 code [0x000000000351a2c0, 0x000000000351ac38]
Event: 1.113 Thread 0x000000001f579000  699 %     4       sun.misc.URLClassPath::getResource @ 46 (83 bytes)
Event: 1.114 Thread 0x000000001f58f800  701       3       java.util.Stack::empty (13 bytes)
Event: 1.114 Thread 0x000000001f58f800 nmethod 701 0x0000000003519b10 code [0x0000000003519c80, 0x000000000351a050]
Event: 1.114 Thread 0x000000001f58f800  702       3       java.net.URLClassLoader::isSealed (70 bytes)
Event: 1.115 Thread 0x000000001f58f800 nmethod 702 0x0000000003518750 code [0x0000000003518980, 0x0000000003519588]

GC Heap History (0 events):
No events

Deoptimization events (6 events):
Event: 0.520 Thread 0x000000000303a000 Uncommon trap: reason=unstable_if action=reinterpret pc=0x000000000338c6a4 method=sun.misc.URLClassPath.getLoader(I)Lsun/misc/URLClassPath$Loader; @ 36
Event: 0.598 Thread 0x000000000303a000 Uncommon trap: reason=unstable_if action=reinterpret pc=0x000000000339cf74 method=sun.misc.MetaIndex.mayContain(Ljava/lang/String;)Z @ 13
Event: 0.762 Thread 0x000000000303a000 Uncommon trap: reason=unstable_if action=reinterpret pc=0x00000000033cae8c method=java.util.zip.ZipCoder.encoder()Ljava/nio/charset/CharsetEncoder; @ 4
Event: 0.766 Thread 0x000000000303a000 Uncommon trap: reason=unstable_if action=reinterpret pc=0x00000000033c05bc method=java.util.zip.ZipCoder.encoder()Ljava/nio/charset/CharsetEncoder; @ 4
Event: 1.062 Thread 0x000000000303a000 Uncommon trap: reason=range_check action=make_not_entrant pc=0x00000000034d6fa8 method=sun.reflect.generics.parser.SignatureParser.current()C @ 34
Event: 1.083 Thread 0x000000000303a000 Uncommon trap: reason=unstable_if action=reinterpret pc=0x00000000033ab7a4 method=java.lang.String.indexOf([CII[CIII)I @ 3

Classes redefined (0 events):
No events

Internal exceptions (10 events):
Event: 1.058 Thread 0x000000000303a000 Exception <a 'java/lang/ArrayIndexOutOfBoundsException'> (0x000000076dbc3040) thrown at [C:\re\workspace\8-2-build-windows-amd64-cygwin\jdk8u201\12322\hotspot\src\share\vm\runtime\sharedRuntime.cpp, line 605]
Event: 1.058 Thread 0x000000000303a000 Exception <a 'java/lang/ArrayIndexOutOfBoundsException'> (0x000000076dbc4ee0) thrown at [C:\re\workspace\8-2-build-windows-amd64-cygwin\jdk8u201\12322\hotspot\src\share\vm\runtime\sharedRuntime.cpp, line 605]
Event: 1.060 Thread 0x000000000303a000 Exception <a 'java/lang/ArrayIndexOutOfBoundsException'> (0x000000076dbdd1f8) thrown at [C:\re\workspace\8-2-build-windows-amd64-cygwin\jdk8u201\12322\hotspot\src\share\vm\runtime\sharedRuntime.cpp, line 605]
Event: 1.061 Thread 0x000000000303a000 Exception <a 'java/lang/ArrayIndexOutOfBoundsException'> (0x000000076dbdeff0) thrown at [C:\re\workspace\8-2-build-windows-amd64-cygwin\jdk8u201\12322\hotspot\src\share\vm\runtime\sharedRuntime.cpp, line 605]
Event: 1.061 Thread 0x000000000303a000 Exception <a 'java/lang/ArrayIndexOutOfBoundsException'> (0x000000076dbe83f8) thrown at [C:\re\workspace\8-2-build-windows-amd64-cygwin\jdk8u201\12322\hotspot\src\share\vm\runtime\sharedRuntime.cpp, line 605]
Event: 1.061 Thread 0x000000000303a000 Exception <a 'java/lang/ArrayIndexOutOfBoundsException'> (0x000000076dbeb328) thrown at [C:\re\workspace\8-2-build-windows-amd64-cygwin\jdk8u201\12322\hotspot\src\share\vm\runtime\sharedRuntime.cpp, line 605]
Event: 1.062 Thread 0x000000000303a000 Exception <a 'java/lang/ArrayIndexOutOfBoundsException': 126> (0x000000076dc014a0) thrown at [C:\re\workspace\8-2-build-windows-amd64-cygwin\jdk8u201\12322\hotspot\src\share\vm\interpreter\interpreterRuntime.cpp, line 368]
Event: 1.062 Thread 0x000000000303a000 Exception <a 'java/lang/ArrayIndexOutOfBoundsException': 179> (0x000000076dc03388) thrown at [C:\re\workspace\8-2-build-windows-amd64-cygwin\jdk8u201\12322\hotspot\src\share\vm\interpreter\interpreterRuntime.cpp, line 368]
Event: 1.064 Thread 0x000000000303a000 Exception <a 'java/lang/NoSuchMethodError': java.lang.Object.lambda$fromSpringFactories$0(Ljava/lang/ClassLoader;)Ljava/util/List;> (0x000000076dc3ea30) thrown at [C:\re\workspace\8-2-build-windows-amd64-cygwin\jdk8u201\12322\hotspot\src\share\vm\interpre
Event: 1.102 Thread 0x000000000303a000 Exception <a 'java/io/FileNotFoundException'> (0x000000076e13f400) thrown at [C:\re\workspace\8-2-build-windows-amd64-cygwin\jdk8u201\12322\hotspot\src\share\vm\prims\jni.cpp, line 709]

Events (10 events):
Event: 1.115 loading class org/springframework/core/convert/support/GenericConversionService$NoOpConverter
Event: 1.115 loading class org/springframework/core/convert/support/GenericConversionService$NoOpConverter done
Event: 1.115 loading class org/springframework/core/convert/support/GenericConversionService$Converters
Event: 1.115 loading class org/springframework/core/convert/support/GenericConversionService$Converters done
Event: 1.116 loading class java/util/concurrent/CopyOnWriteArraySet
Event: 1.116 loading class java/util/concurrent/CopyOnWriteArraySet done
Event: 1.116 loading class org/springframework/core/convert/support/DefaultConversionService
Event: 1.116 loading class org/springframework/core/convert/support/DefaultConversionService done
Event: 1.117 loading class org/springframework/core/convert/support/NumberToNumberConverterFactory
Event: 1.117 loading class org/springframework/core/convert/support/NumberToNumberConverterFactory done


Dynamic libraries:
0x00007ff775160000 - 0x00007ff775197000 	C:\Program Files\Java\jdk1.8.0_201\bin\java.exe
0x00007ff950030000 - 0x00007ff950225000 	C:\WINDOWS\SYSTEM32\ntdll.dll
0x00007ff94f230000 - 0x00007ff94f2ee000 	C:\WINDOWS\System32\KERNEL32.DLL
0x00007ff94d770000 - 0x00007ff94da38000 	C:\WINDOWS\System32\KERNELBASE.dll
0x0000000066260000 - 0x000000006630f000 	C:\ProgramData\Symantec\Symantec Endpoint Protection\14.3.5413.3000.105\Data\Sysfer\x64\sysfer.dll
0x00007ff94e260000 - 0x00007ff94e30e000 	C:\WINDOWS\System32\ADVAPI32.dll
0x00007ff94f920000 - 0x00007ff94f9be000 	C:\WINDOWS\System32\msvcrt.dll
0x00007ff94e090000 - 0x00007ff94e12c000 	C:\WINDOWS\System32\sechost.dll
0x00007ff94e130000 - 0x00007ff94e255000 	C:\WINDOWS\System32\RPCRT4.dll
0x00007ff94e310000 - 0x00007ff94e4b1000 	C:\WINDOWS\System32\USER32.dll
0x00007ff94d740000 - 0x00007ff94d762000 	C:\WINDOWS\System32\win32u.dll
0x00007ff94f860000 - 0x00007ff94f88b000 	C:\WINDOWS\System32\GDI32.dll
0x00007ff94db50000 - 0x00007ff94dc5d000 	C:\WINDOWS\System32\gdi32full.dll
0x00007ff94df50000 - 0x00007ff94dfed000 	C:\WINDOWS\System32\msvcp_win.dll
0x00007ff94de50000 - 0x00007ff94df50000 	C:\WINDOWS\System32\ucrtbase.dll
0x00007ff92e390000 - 0x00007ff92e62a000 	C:\WINDOWS\WinSxS\amd64_microsoft.windows.common-controls_6595b64144ccf1df_6.0.19041.1110_none_60b5254171f9507e\COMCTL32.dll
0x00007ff94f200000 - 0x00007ff94f230000 	C:\WINDOWS\System32\IMM32.DLL
0x0000000002b40000 - 0x0000000002b53000 	C:\WINDOWS\System32\umppc14505.dll
0x0000000068000000 - 0x0000000068072000 	C:\WINDOWS\System32\QIPCAP64.dll
0x00007ff94eaa0000 - 0x00007ff94f1e4000 	C:\WINDOWS\System32\SHELL32.dll
0x00007ff94cba0000 - 0x00007ff94cc6b000 	C:\WINDOWS\SYSTEM32\DNSAPI.dll
0x00007ff94cb50000 - 0x00007ff94cb8b000 	C:\WINDOWS\SYSTEM32\IPHLPAPI.DLL
0x00007ff94f450000 - 0x00007ff94f458000 	C:\WINDOWS\System32\NSI.dll
0x0000000061fb0000 - 0x0000000062081000 	C:\Program Files\Java\jdk1.8.0_201\jre\bin\msvcr100.dll
0x0000000061700000 - 0x0000000061fa4000 	C:\Program Files\Java\jdk1.8.0_201\jre\bin\server\jvm.dll
0x00007ff94e820000 - 0x00007ff94e828000 	C:\WINDOWS\System32\PSAPI.DLL
0x00007ff938860000 - 0x00007ff938869000 	C:\WINDOWS\SYSTEM32\WSOCK32.dll
0x0000000002cc0000 - 0x0000000002d2b000 	C:\WINDOWS\System32\WS2_32.dll
0x00007ff938740000 - 0x00007ff938767000 	C:\WINDOWS\SYSTEM32\WINMM.dll
0x00007ff94c590000 - 0x00007ff94c59a000 	C:\WINDOWS\SYSTEM32\VERSION.dll
0x00007ff942b00000 - 0x00007ff942b0f000 	C:\Program Files\Java\jdk1.8.0_201\jre\bin\verify.dll
0x00007ff91ea00000 - 0x00007ff91ea29000 	C:\Program Files\Java\jdk1.8.0_201\jre\bin\java.dll
0x00007ff91a3d0000 - 0x00007ff91a3f3000 	C:\Program Files\Java\jdk1.8.0_201\jre\bin\instrument.dll
0x00007ff92bf50000 - 0x00007ff92bf66000 	C:\Program Files\Java\jdk1.8.0_201\jre\bin\zip.dll
0x00007ff94bdb0000 - 0x00007ff94c545000 	C:\WINDOWS\SYSTEM32\windows.storage.dll
0x00007ff94e4c0000 - 0x00007ff94e815000 	C:\WINDOWS\System32\combase.dll
0x00007ff94d0b0000 - 0x00007ff94d0de000 	C:\WINDOWS\SYSTEM32\Wldp.dll
0x00007ff94f2f0000 - 0x00007ff94f39d000 	C:\WINDOWS\System32\SHCORE.dll
0x000000001f140000 - 0x000000001f195000 	C:\WINDOWS\System32\shlwapi.dll
0x00007ff94d680000 - 0x00007ff94d69f000 	C:\WINDOWS\SYSTEM32\profapi.dll
0x00007ff919fe0000 - 0x00007ff919ffa000 	C:\Program Files\JetBrains\IntelliJ IDEA Community Edition 2021.1.1\bin\breakgen64.dll
0x00007ff91dab0000 - 0x00007ff91daca000 	C:\Program Files\Java\jdk1.8.0_201\jre\bin\net.dll
0x00007ff93acb0000 - 0x00007ff93ae9b000 	C:\WINDOWS\SYSTEM32\urlmon.dll
0x00007ff93b220000 - 0x00007ff93b4d0000 	C:\WINDOWS\SYSTEM32\iertutil.dll
0x00007ff93fe10000 - 0x00007ff93fe38000 	C:\WINDOWS\SYSTEM32\srvcli.dll
0x00007ff94cb90000 - 0x00007ff94cb9c000 	C:\WINDOWS\SYSTEM32\netutils.dll
0x00007ff94ce90000 - 0x00007ff94cefa000 	C:\WINDOWS\system32\mswsock.dll

VM Arguments:
jvm_args: -javaagent:C:\Program Files\JetBrains\IntelliJ IDEA Community Edition 2021.1.1\lib\idea_rt.jar=60358:C:\Program Files\JetBrains\IntelliJ IDEA Community Edition 2021.1.1\bin -Dfile.encoding=UTF-8 
java_command: com.mtb.service.userservice.UserServiceApplication
java_class_path (initial): C:\Program Files\Java\jdk1.8.0_201\jre\lib\charsets.jar;C:\Program Files\Java\jdk1.8.0_201\jre\lib\deploy.jar;C:\Program Files\Java\jdk1.8.0_201\jre\lib\ext\access-bridge-64.jar;C:\Program Files\Java\jdk1.8.0_201\jre\lib\ext\cldrdata.jar;C:\Program Files\Java\jdk1.8.0_201\jre\lib\ext\dnsns.jar;C:\Program Files\Java\jdk1.8.0_201\jre\lib\ext\jaccess.jar;C:\Program Files\Java\jdk1.8.0_201\jre\lib\ext\jfxrt.jar;C:\Program Files\Java\jdk1.8.0_201\jre\lib\ext\localedata.jar;C:\Program Files\Java\jdk1.8.0_201\jre\lib\ext\nashorn.jar;C:\Program Files\Java\jdk1.8.0_201\jre\lib\ext\sunec.jar;C:\Program Files\Java\jdk1.8.0_201\jre\lib\ext\sunjce_provider.jar;C:\Program Files\Java\jdk1.8.0_201\jre\lib\ext\sunmscapi.jar;C:\Program Files\Java\jdk1.8.0_201\jre\lib\ext\sunpkcs11.jar;C:\Program Files\Java\jdk1.8.0_201\jre\lib\ext\zipfs.jar;C:\Program Files\Java\jdk1.8.0_201\jre\lib\javaws.jar;C:\Program Files\Java\jdk1.8.0_201\jre\lib\jce.jar;C:\Program Files\Java\jdk1.8.0_201\jre\lib\jfr.jar;C:\Program Files\Java\jdk1.8.0_201\jre\lib\jfxswt.jar;C:\Program Files\Java\jdk1.8.0_201\jre\lib\jsse.jar;C:\Program Files\Java\jdk1.8.0_201\jre\lib\management-agent.jar;C:\Program Files\Java\jdk1.8.0_201\jre\lib\plugin.jar;C:\Program Files\Java\jdk1.8.0_201\jre\lib\resources.jar;C:\Program Files\Java\jdk1.8.0_201\jre\lib\rt.jar;C:\practise\java\microservice_using_springboot\user-service\user-service\target\classes;C:\Users\mithileshb\.m2\repository\org\springframework\boot\spring-boot-starter-data-jpa\2.6.3\spring-boot-starter-data-jpa-2.6.3.jar;C:\Users\mithileshb\.m2\repository\org\springframework\boot\spring-boot-starter-aop\2.6.3\spring-boot-starter-aop-2.6.3.jar;C:\Users\mithileshb\.m2\repository\org\springframework\spring-aop\5.3.15\spring-aop-5.3.15.jar;C:\Users\mithileshb\.m2\repository\org\aspectj\aspectjweaver\1.9.7\aspectjweaver-1.9.7.jar;C:\Users\mithileshb\.m2\repository\org\springframework\boot\spring-boot-starter-jdbc\2.6.3\spring-boot-starter-jdbc-2
Launcher Type: SUN_STANDARD

Environment Variables:
JAVA_HOME=C:\Program Files\Java\jdk1.8.0_201
PATH=C:\Program Files (x86)\VMware\VMware Player\bin\;C:\Program Files (x86)\RSA SecurID Token Common;C:\Program Files\RSA SecurID Token Common;C:\Program Files (x86)\Common Files\Oracle\Java\javapath;C:\WINDOWS\system32;C:\WINDOWS;C:\WINDOWS\System32\Wbem;C:\WINDOWS\System32\WindowsPowerShell\v1.0\;C:\WINDOWS\System32\OpenSSH\;C:\Program Files\Intel\WiFi\bin\;C:\Program Files\Common Files\Intel\WirelessCommon\;C:\Program Files\Java\jdk1.8.0_201\bin;C:\Program Files\apache-maven-3.3.9\bin;C:\Program Files (x86)\Symantec\VIP Access Client\;C:\Program Files\Git\cmd;C:\Program Files (x86)\Intel\Intel(R) Management Engine Components\DAL;C:\Program Files\Intel\Intel(R) Management Engine Components\DAL;C:\Program Files\PuTTY\;C:\Program Files\RSA SecurID Token Common\;C:\Users\mithileshb\AppData\Local\Microsoft\WindowsApps;C:\oracle\instantclient_19_11;;C:\Users\mithileshb\AppData\Local\Programs\Microsoft VS Code\bin
USERNAME=MithileshB
OS=Windows_NT
PROCESSOR_IDENTIFIER=Intel64 Family 6 Model 142 Stepping 10, GenuineIntel



---------------  S Y S T E M  ---------------

OS: Windows 10.0 , 64 bit Build 19041 (10.0.19041.1466)

CPU:total 8 (initial active 8) (4 cores per cpu, 2 threads per core) family 6 model 142 stepping 10, cmov, cx8, fxsr, mmx, sse, sse2, sse3, ssse3, sse4.1, sse4.2, popcnt, avx, avx2, aes, clmul, erms, 3dnowpref, lzcnt, ht, tsc, tscinvbit, bmi1, bmi2, adx

Memory: 4k page, physical 16620760k(1245056k free), swap 25009368k(4132k free)

vm_info: Java HotSpot(TM) 64-Bit Server VM (25.201-b09) for windows-amd64 JRE (1.8.0_201-b09), built on Dec 15 2018 18:36:39 by "java_re" with MS VC++ 10.0 (VS2010)

time: Fri Jan 28 23:29:01 2022
timezone: India Standard Time
elapsed time: 1 seconds (0d 0h 0m 1s)

